<?xml version="1.0" encoding="UTF-8"?>
<!-- Generated by org.testng.reporters.JUnitReportReporter -->
<testsuite hostname="GLB5450" name="com.globant.training.tests.Tests" tests="1" failures="0" timestamp="5 Mar 2015 14:52:33 GMT" time="40.997" errors="0">
  <testcase name="falseSearch" time="40.997" classname="com.globant.training.tests.Tests"/>
</testsuite> <!-- com.globant.training.tests.Tests -->
