<?xml version="1.0" encoding="UTF-8"?>
<!-- Generated by org.testng.reporters.JUnitReportReporter -->
<testsuite hostname="GLB5450" name="com.globant.training.tests.Tests" tests="1" failures="0" timestamp="4 Mar 2015 18:45:45 GMT" time="146.001" errors="0">
  <testcase name="search" time="146.001" classname="com.globant.training.tests.Tests"/>
</testsuite> <!-- com.globant.training.tests.Tests -->
