<?xml version="1.0" encoding="UTF-8"?>
<!-- Generated by org.testng.reporters.JUnitReportReporter -->
<testsuite hostname="GLB5450" name="com.globant.training.tests.Tests" tests="1" failures="0" timestamp="11 Mar 2015 17:07:04 GMT" time="208.250" errors="0">
  <testcase name="searchSignIn" time="208.250" classname="com.globant.training.tests.Tests"/>
</testsuite> <!-- com.globant.training.tests.Tests -->
