<?xml version="1.0" encoding="UTF-8"?>
<!-- Generated by org.testng.reporters.JUnitReportReporter -->
<testsuite hostname="GLB5450" name="com.globant.training.tests.Tests" tests="4" failures="0" timestamp="3 Mar 2015 18:05:28 GMT" time="287.568" errors="0">
  <testcase name="search" time="74.137" classname="com.globant.training.tests.Tests"/>
  <testcase name="logout" time="87.244" classname="com.globant.training.tests.Tests"/>
  <testcase name="signIn" time="64.985" classname="com.globant.training.tests.Tests"/>
  <testcase name="errorSignIn" time="61.202" classname="com.globant.training.tests.Tests"/>
</testsuite> <!-- com.globant.training.tests.Tests -->
