<?xml version="1.0" encoding="UTF-8"?>
<!-- Generated by org.testng.reporters.JUnitReportReporter -->
<testsuite hostname="GLB5450" name="com.globant.training.tests.Tests" tests="1" failures="0" timestamp="6 Mar 2015 19:00:04 GMT" time="138.170" errors="0">
  <testcase name="hotel" time="138.170" classname="com.globant.training.tests.Tests"/>
</testsuite> <!-- com.globant.training.tests.Tests -->
