<?xml version="1.0" encoding="UTF-8"?>
<!-- Generated by org.testng.reporters.JUnitReportReporter -->
<testsuite hostname="GLB5450" name="com.globant.training.tests.Tests" tests="4" failures="0" timestamp="13 Mar 2015 14:23:08 GMT" time="470.357" errors="0">
  <testcase name="hotel" time="78.919" classname="com.globant.training.tests.Tests"/>
  <testcase name="searchSignIn" time="209.854" classname="com.globant.training.tests.Tests"/>
  <testcase name="falseSearch" time="91.469" classname="com.globant.training.tests.Tests"/>
  <testcase name="trueSearch" time="90.115" classname="com.globant.training.tests.Tests"/>
</testsuite> <!-- com.globant.training.tests.Tests -->
