<?xml version="1.0" encoding="UTF-8"?>
<!-- Generated by org.testng.reporters.JUnitReportReporter -->
<testsuite hostname="GLB5450" name="matias_caruso.training.globant.com.matias_caruso_mod0_ej1.tests.Tests" tests="6" failures="0" timestamp="2 Mar 2015 14:31:47 GMT" time="96.510" errors="0">
  <testcase name="testSearch" time="13.325" classname="matias_caruso.training.globant.com.matias_caruso_mod0_ej1.tests.Tests"/>
  <testcase name="date" time="11.379" classname="matias_caruso.training.globant.com.matias_caruso_mod0_ej1.tests.Tests"/>
  <testcase name="contact" time="22.237" classname="matias_caruso.training.globant.com.matias_caruso_mod0_ej1.tests.Tests"/>
  <testcase name="testTitle" time="9.615" classname="matias_caruso.training.globant.com.matias_caruso_mod0_ej1.tests.Tests"/>
  <testcase name="calendar" time="14.062" classname="matias_caruso.training.globant.com.matias_caruso_mod0_ej1.tests.Tests"/>
  <testcase name="validation" time="25.892" classname="matias_caruso.training.globant.com.matias_caruso_mod0_ej1.tests.Tests"/>
</testsuite> <!-- matias_caruso.training.globant.com.matias_caruso_mod0_ej1.tests.Tests -->
