<?xml version="1.0" encoding="UTF-8"?>
<!-- Generated by org.testng.reporters.JUnitReportReporter -->
<testsuite hostname="GLB5450" name="matias_caruso.training.globant.com.matias_caruso_mod0_ej1.tests.Tests" tests="1" failures="0" timestamp="2 Mar 2015 13:04:44 GMT" time="15.273" errors="0">
  <testcase name="calendar" time="15.273" classname="matias_caruso.training.globant.com.matias_caruso_mod0_ej1.tests.Tests"/>
</testsuite> <!-- matias_caruso.training.globant.com.matias_caruso_mod0_ej1.tests.Tests -->
