<?xml version="1.0" encoding="UTF-8"?>
<!-- Generated by org.testng.reporters.JUnitReportReporter -->
<testsuite hostname="GLB5450" name="matias_caruso.training.globant.com.matias_caruso_mod0_ej1.tests.Tests" tests="1" failures="0" timestamp="27 Feb 2015 19:35:05 GMT" time="14.529" errors="0">
  <testcase name="date" time="14.529" classname="matias_caruso.training.globant.com.matias_caruso_mod0_ej1.tests.Tests"/>
</testsuite> <!-- matias_caruso.training.globant.com.matias_caruso_mod0_ej1.tests.Tests -->
